

Microchip MPLAB XC8 Assembler V2.40 build 20220703182018 
                                                                                               Tue Oct 25 08:00:43 2022

Microchip MPLAB XC8 C Compiler v2.40 (Free license) build 20220703182018 Og1 
     1                           	processor	16F887
     2                           	pagewidth 120
     3                           	opt	flic
     4                           	psect	cinit,global,class=CODE,merge=1,delta=2
     5                           	psect	bssCOMMON,global,class=COMMON,space=1,delta=1,noexec
     6                           	psect	cstackCOMMON,global,class=COMMON,space=1,delta=1,noexec
     7                           	psect	maintext,global,class=CODE,split=1,delta=2
     8                           	psect	text1,local,class=CODE,merge=1,delta=2
     9                           	psect	text2,local,class=CODE,merge=1,delta=2
    10                           	psect	text3,local,class=CODE,merge=1,delta=2
    11                           	psect	text4,local,class=CODE,merge=1,delta=2
    12                           	psect	text5,local,class=CODE,merge=1,delta=2
    13                           	psect	text6,local,class=CODE,merge=1,delta=2
    14                           	psect	idloc,global,abs,ovrld,class=IDLOC,space=5,delta=2,noexec
    15                           	psect	config,global,abs,ovrld,class=CONFIG,space=4,delta=2,noexec
    16                           	dabs	1,0x7E,2
    17     0000                     
    18                           ; Version 2.40
    19                           ; Generated 17/11/2021 GMT
    20                           ; 
    21                           ; Copyright © 2021, Microchip Technology Inc. and its subsidiaries ("Microchip")
    22                           ; All rights reserved.
    23                           ; 
    24                           ; This software is developed by Microchip Technology Inc. and its subsidiaries ("Microch
      +                          ip").
    25                           ; 
    26                           ; Redistribution and use in source and binary forms, with or without modification, are
    27                           ; permitted provided that the following conditions are met:
    28                           ; 
    29                           ;     1. Redistributions of source code must retain the above copyright notice, this lis
      +                          t of
    30                           ;        conditions and the following disclaimer.
    31                           ; 
    32                           ;     2. Redistributions in binary form must reproduce the above copyright notice, this 
      +                          list
    33                           ;        of conditions and the following disclaimer in the documentation and/or other
    34                           ;        materials provided with the distribution. Publication is not required when
    35                           ;        this file is used in an embedded application.
    36                           ; 
    37                           ;     3. Microchip's name may not be used to endorse or promote products derived from th
      +                          is
    38                           ;        software without specific prior written permission.
    39                           ; 
    40                           ; THIS SOFTWARE IS PROVIDED BY MICROCHIP "AS IS" AND ANY EXPRESS OR IMPLIED WARRANTIES,
    41                           ; INCLUDING, BUT NOT LIMITED TO, THE IMPLIED WARRANTIES OF MERCHANTABILITY AND FITNESS F
      +                          OR
    42                           ; PURPOSE ARE DISCLAIMED.  IN NO EVENT SHALL MICROCHIP BE LIABLE FOR ANY DIRECT, INDIREC
      +                          T,
    43                           ; INCIDENTAL, SPECIAL, EXEMPLARY, OR CONSEQUENTIAL DAMAGES (INCLUDING BUT NOT LIMITED TO
    44                           ; PROCUREMENT OF SUBSTITUTE GOODS OR SERVICES; LOSS OF USE, DATA OR PROFITS; OR BUSINESS
    45                           ; INTERRUPTION) HOWSOEVER CAUSED AND ON ANY THEORY OF LIABILITY, WHETHER IN CONTRACT, ST
      +                          RICT
    46                           ; LIABILITY, OR TORT (INCLUDING NEGLIGENCE OR OTHERWISE) ARISING IN ANY WAY OUT OF THE U
      +                          SE OF
    47                           ; THIS SOFTWARE, EVEN IF ADVISED OF THE POSSIBILITY OF SUCH DAMAGE.
    48                           ; 
    49                           ; 
    50                           ; Code-generator required, PIC16F887 Definitions
    51                           ; 
    52                           ; SFR Addresses
    53     0000                     	;# 
    54     0001                     	;# 
    55     0002                     	;# 
    56     0003                     	;# 
    57     0004                     	;# 
    58     0005                     	;# 
    59     0006                     	;# 
    60     0007                     	;# 
    61     0008                     	;# 
    62     0009                     	;# 
    63     000A                     	;# 
    64     000B                     	;# 
    65     000C                     	;# 
    66     000D                     	;# 
    67     000E                     	;# 
    68     000E                     	;# 
    69     000F                     	;# 
    70     0010                     	;# 
    71     0011                     	;# 
    72     0012                     	;# 
    73     0013                     	;# 
    74     0014                     	;# 
    75     0015                     	;# 
    76     0015                     	;# 
    77     0016                     	;# 
    78     0017                     	;# 
    79     0018                     	;# 
    80     0019                     	;# 
    81     001A                     	;# 
    82     001B                     	;# 
    83     001B                     	;# 
    84     001C                     	;# 
    85     001D                     	;# 
    86     001E                     	;# 
    87     001F                     	;# 
    88     0081                     	;# 
    89     0085                     	;# 
    90     0086                     	;# 
    91     0087                     	;# 
    92     0088                     	;# 
    93     0089                     	;# 
    94     008C                     	;# 
    95     008D                     	;# 
    96     008E                     	;# 
    97     008F                     	;# 
    98     0090                     	;# 
    99     0091                     	;# 
   100     0092                     	;# 
   101     0093                     	;# 
   102     0093                     	;# 
   103     0093                     	;# 
   104     0094                     	;# 
   105     0095                     	;# 
   106     0096                     	;# 
   107     0097                     	;# 
   108     0098                     	;# 
   109     0099                     	;# 
   110     009A                     	;# 
   111     009B                     	;# 
   112     009C                     	;# 
   113     009D                     	;# 
   114     009E                     	;# 
   115     009F                     	;# 
   116     0105                     	;# 
   117     0107                     	;# 
   118     0108                     	;# 
   119     0109                     	;# 
   120     010C                     	;# 
   121     010C                     	;# 
   122     010D                     	;# 
   123     010E                     	;# 
   124     010F                     	;# 
   125     0185                     	;# 
   126     0187                     	;# 
   127     0188                     	;# 
   128     0189                     	;# 
   129     018C                     	;# 
   130     018D                     	;# 
   131     0000                     	;# 
   132     0001                     	;# 
   133     0002                     	;# 
   134     0003                     	;# 
   135     0004                     	;# 
   136     0005                     	;# 
   137     0006                     	;# 
   138     0007                     	;# 
   139     0008                     	;# 
   140     0009                     	;# 
   141     000A                     	;# 
   142     000B                     	;# 
   143     000C                     	;# 
   144     000D                     	;# 
   145     000E                     	;# 
   146     000E                     	;# 
   147     000F                     	;# 
   148     0010                     	;# 
   149     0011                     	;# 
   150     0012                     	;# 
   151     0013                     	;# 
   152     0014                     	;# 
   153     0015                     	;# 
   154     0015                     	;# 
   155     0016                     	;# 
   156     0017                     	;# 
   157     0018                     	;# 
   158     0019                     	;# 
   159     001A                     	;# 
   160     001B                     	;# 
   161     001B                     	;# 
   162     001C                     	;# 
   163     001D                     	;# 
   164     001E                     	;# 
   165     001F                     	;# 
   166     0081                     	;# 
   167     0085                     	;# 
   168     0086                     	;# 
   169     0087                     	;# 
   170     0088                     	;# 
   171     0089                     	;# 
   172     008C                     	;# 
   173     008D                     	;# 
   174     008E                     	;# 
   175     008F                     	;# 
   176     0090                     	;# 
   177     0091                     	;# 
   178     0092                     	;# 
   179     0093                     	;# 
   180     0093                     	;# 
   181     0093                     	;# 
   182     0094                     	;# 
   183     0095                     	;# 
   184     0096                     	;# 
   185     0097                     	;# 
   186     0098                     	;# 
   187     0099                     	;# 
   188     009A                     	;# 
   189     009B                     	;# 
   190     009C                     	;# 
   191     009D                     	;# 
   192     009E                     	;# 
   193     009F                     	;# 
   194     0105                     	;# 
   195     0107                     	;# 
   196     0108                     	;# 
   197     0109                     	;# 
   198     010C                     	;# 
   199     010C                     	;# 
   200     010D                     	;# 
   201     010E                     	;# 
   202     010F                     	;# 
   203     0185                     	;# 
   204     0187                     	;# 
   205     0188                     	;# 
   206     0189                     	;# 
   207     018C                     	;# 
   208     018D                     	;# 
   209     0001                     _TMR0	set	1
   210     0012                     _T2CONbits	set	18
   211     0007                     _PORTC	set	7
   212     0005                     _PORTA	set	5
   213     0007                     _PORTCbits	set	7
   214     000B                     _INTCONbits	set	11
   215     000C                     _PIR1bits	set	12
   216     001D                     _CCP2CONbits	set	29
   217     001B                     _CCPR2L	set	27
   218     0017                     _CCP1CONbits	set	23
   219     001E                     _ADRESH	set	30
   220     0015                     _CCPR1L	set	21
   221     001F                     _ADCON0bits	set	31
   222     0066                     _ADIF	set	102
   223     0081                     _OPTION_REGbits	set	129
   224     0092                     _PR2	set	146
   225     0087                     _TRISCbits	set	135
   226     008C                     _PIE1bits	set	140
   227     009F                     _ADCON1bits	set	159
   228     008F                     _OSCCONbits	set	143
   229     0087                     _TRISC	set	135
   230     0085                     _TRISA	set	133
   231     009E                     _ADRESL	set	158
   232     0188                     _ANSEL	set	392
   233     0189                     _ANSELH	set	393
   234                           
   235                           	psect	cinit
   236     07F8                     start_initialization:	
   237                           ; #config settings
   238                           
   239     07F8                     __initialization:
   240                           
   241                           ; Clear objects allocated to COMMON
   242     07F8  01F0               	clrf	__pbssCOMMON& (0+127)
   243     07F9  01F1               	clrf	(__pbssCOMMON+1)& (0+127)
   244     07FA  01F2               	clrf	(__pbssCOMMON+2)& (0+127)
   245     07FB  01F3               	clrf	(__pbssCOMMON+3)& (0+127)
   246     07FC                     end_of_initialization:	
   247                           ;End of C runtime variable initialization code
   248                           
   249     07FC                     __end_of__initialization:
   250     07FC  0183               	clrf	3
   251     07FD  120A  118A  2F4C   	ljmp	_main	;jump to C main() function
   252                           
   253                           	psect	bssCOMMON
   254     0070                     __pbssCOMMON:
   255     0070                     _valor:
   256     0070                     	ds	2
   257     0072                     _pot3:
   258     0072                     	ds	2
   259                           
   260                           	psect	cstackCOMMON
   261     0074                     __pcstackCOMMON:
   262     0074                     ?_setup:
   263     0074                     ??_setup:	
   264                           ; 1 bytes @ 0x0
   265                           
   266     0074                     ?_setupINTOSC:	
   267                           ; 1 bytes @ 0x0
   268                           
   269     0074                     ??_setupINTOSC:	
   270                           ; 1 bytes @ 0x0
   271                           
   272     0074                     ?_setupADC:	
   273                           ; 1 bytes @ 0x0
   274                           
   275     0074                     ??_setupADC:	
   276                           ; 1 bytes @ 0x0
   277                           
   278     0074                     ?_setupPWM:	
   279                           ; 1 bytes @ 0x0
   280                           
   281     0074                     ??_setupPWM:	
   282                           ; 1 bytes @ 0x0
   283                           
   284     0074                     ?_timer2:	
   285                           ; 1 bytes @ 0x0
   286                           
   287     0074                     ??_timer2:	
   288                           ; 1 bytes @ 0x0
   289                           
   290     0074                     ?_timer0:	
   291                           ; 1 bytes @ 0x0
   292                           
   293     0074                     ??_timer0:	
   294                           ; 1 bytes @ 0x0
   295                           
   296     0074                     ?_main:	
   297                           ; 1 bytes @ 0x0
   298                           
   299                           
   300                           ; 1 bytes @ 0x0
   301     0074                     	ds	1
   302     0075                     ??_main:
   303                           
   304                           ; 1 bytes @ 0x1
   305     0075                     	ds	2
   306                           
   307                           	psect	maintext
   308     074C                     __pmaintext:	
   309 ;;
   310 ;;Main: autosize = 0, tempsize = 2, incstack = 0, save=0
   311 ;;
   312 ;; *************** function _main *****************
   313 ;; Defined at:
   314 ;;		line 49 in file "Lab 5.c"
   315 ;; Parameters:    Size  Location     Type
   316 ;;		None
   317 ;; Auto vars:     Size  Location     Type
   318 ;;		None
   319 ;; Return value:  Size  Location     Type
   320 ;;                  1    wreg      void 
   321 ;; Registers used:
   322 ;;		wreg, status,2, status,0, pclath, cstack
   323 ;; Tracked objects:
   324 ;;		On entry : B00/0
   325 ;;		On exit  : 0/0
   326 ;;		Unchanged: 0/0
   327 ;; Data sizes:     COMMON   BANK0   BANK1   BANK3   BANK2
   328 ;;      Params:         0       0       0       0       0
   329 ;;      Locals:         0       0       0       0       0
   330 ;;      Temps:          2       0       0       0       0
   331 ;;      Totals:         2       0       0       0       0
   332 ;;Total ram usage:        2 bytes
   333 ;; Hardware stack levels required when called: 1
   334 ;; This function calls:
   335 ;;		_setup
   336 ;;		_setupADC
   337 ;;		_setupINTOSC
   338 ;;		_setupPWM
   339 ;;		_timer0
   340 ;;		_timer2
   341 ;; This function is called by:
   342 ;;		Startup code after reset
   343 ;; This function uses a non-reentrant model
   344 ;;
   345                           
   346     074C                     _main:	
   347                           ;psect for function _main
   348                           
   349     074C                     l772:	
   350                           ;incstack = 0
   351                           ; Regs used in _main: [wreg+status,2+status,0+pclath+cstack]
   352                           
   353                           
   354                           ;Lab 5.c: 50:     setup();
   355     074C  120A  118A  26F2  120A  118A  	fcall	_setup
   356                           
   357                           ;Lab 5.c: 51:     setupINTOSC();
   358     0751  120A  118A  26CD  120A  118A  	fcall	_setupINTOSC
   359                           
   360                           ;Lab 5.c: 52:     setupADC();
   361     0756  120A  118A  2721  120A  118A  	fcall	_setupADC
   362                           
   363                           ;Lab 5.c: 53:     setupPWM();
   364     075B  120A  118A  2703  120A  118A  	fcall	_setupPWM
   365                           
   366                           ;Lab 5.c: 54:     timer2();
   367     0760  120A  118A  26E2  120A  118A  	fcall	_timer2
   368                           
   369                           ;Lab 5.c: 55:     timer0();
   370     0765  120A  118A  26D3  120A  118A  	fcall	_timer0
   371     076A                     l774:
   372                           
   373                           ;Lab 5.c: 58:         if (ADIF == 1) {
   374     076A  1283               	bcf	3,5	;RP0=0, select bank0
   375     076B  1303               	bcf	3,6	;RP1=0, select bank0
   376     076C  1F0C               	btfss	12,6	;volatile
   377     076D  2F6F               	goto	u21
   378     076E  2F70               	goto	u20
   379     076F                     u21:
   380     076F  2FD0               	goto	l788
   381     0770                     u20:
   382     0770                     l776:
   383                           
   384                           ;Lab 5.c: 59:         if(ADCON0bits.CHS == 0){
   385     0770  0C1F               	rrf	31,w	;volatile
   386     0771  00F5               	movwf	??_main
   387     0772  0C75               	rrf	??_main,w
   388     0773  390F               	andlw	15
   389     0774  3A00               	xorlw	0
   390     0775  1D03               	skipz
   391     0776  2F78               	goto	u31
   392     0777  2F79               	goto	u30
   393     0778                     u31:
   394     0778  2FA2               	goto	l780
   395     0779                     u30:
   396     0779                     l778:
   397                           
   398                           ;Lab 5.c: 60:             CCPR1L = (ADRESH>>1)+124;
   399     0779  081E               	movf	30,w	;volatile
   400     077A  00F5               	movwf	??_main
   401     077B  1003               	clrc
   402     077C  0C75               	rrf	??_main,w
   403     077D  3E7C               	addlw	124
   404     077E  0095               	movwf	21	;volatile
   405                           
   406                           ;Lab 5.c: 61:             CCP1CONbits.DC1B1 = ADRESH & 0b01;
   407     077F  081E               	movf	30,w	;volatile
   408     0780  3901               	andlw	1
   409     0781  00F5               	movwf	??_main
   410     0782  0EF5               	swapf	??_main,f
   411     0783  0DF5               	rlf	??_main,f
   412     0784  0817               	movf	23,w	;volatile
   413     0785  0675               	xorwf	??_main,w
   414     0786  39DF               	andlw	-33
   415     0787  0675               	xorwf	??_main,w
   416     0788  0097               	movwf	23	;volatile
   417                           
   418                           ;Lab 5.c: 62:             CCP1CONbits.DC1B0 = (ADRESL>>7);
   419     0789  1683               	bsf	3,5	;RP0=1, select bank1
   420     078A  1303               	bcf	3,6	;RP1=0, select bank1
   421     078B  081E               	movf	30,w	;volatile
   422     078C  00F5               	movwf	??_main
   423     078D  3007               	movlw	7
   424     078E                     u45:
   425     078E  1003               	clrc
   426     078F  0CF5               	rrf	??_main,f
   427     0790  3EFF               	addlw	-1
   428     0791  1D03               	skipz
   429     0792  2F8E               	goto	u45
   430     0793  0875               	movf	??_main,w
   431     0794  00F6               	movwf	??_main+1
   432     0795  0EF6               	swapf	??_main+1,f
   433     0796  1283               	bcf	3,5	;RP0=0, select bank0
   434     0797  1303               	bcf	3,6	;RP1=0, select bank0
   435     0798  0817               	movf	23,w	;volatile
   436     0799  0676               	xorwf	??_main+1,w
   437     079A  39EF               	andlw	-17
   438     079B  0676               	xorwf	??_main+1,w
   439     079C  0097               	movwf	23	;volatile
   440                           
   441                           ;Lab 5.c: 63:             ADCON0bits.CHS = 1;
   442     079D  081F               	movf	31,w	;volatile
   443     079E  39C3               	andlw	-61
   444     079F  3804               	iorlw	4
   445     07A0  009F               	movwf	31	;volatile
   446                           
   447                           ;Lab 5.c: 64:         }
   448     07A1  2FC8               	goto	l782
   449     07A2                     l780:
   450                           
   451                           ;Lab 5.c: 67:             CCPR2L = (ADRESH>>1)+124;
   452     07A2  081E               	movf	30,w	;volatile
   453     07A3  00F5               	movwf	??_main
   454     07A4  1003               	clrc
   455     07A5  0C75               	rrf	??_main,w
   456     07A6  3E7C               	addlw	124
   457     07A7  009B               	movwf	27	;volatile
   458                           
   459                           ;Lab 5.c: 68:             CCP2CONbits.DC2B1 = ADRESH & 0b01;
   460     07A8  081E               	movf	30,w	;volatile
   461     07A9  3901               	andlw	1
   462     07AA  00F5               	movwf	??_main
   463     07AB  0EF5               	swapf	??_main,f
   464     07AC  0DF5               	rlf	??_main,f
   465     07AD  081D               	movf	29,w	;volatile
   466     07AE  0675               	xorwf	??_main,w
   467     07AF  39DF               	andlw	-33
   468     07B0  0675               	xorwf	??_main,w
   469     07B1  009D               	movwf	29	;volatile
   470                           
   471                           ;Lab 5.c: 69:             CCP2CONbits.DC2B0 = (ADRESL>>7);
   472     07B2  1683               	bsf	3,5	;RP0=1, select bank1
   473     07B3  1303               	bcf	3,6	;RP1=0, select bank1
   474     07B4  081E               	movf	30,w	;volatile
   475     07B5  00F5               	movwf	??_main
   476     07B6  3007               	movlw	7
   477     07B7                     u55:
   478     07B7  1003               	clrc
   479     07B8  0CF5               	rrf	??_main,f
   480     07B9  3EFF               	addlw	-1
   481     07BA  1D03               	skipz
   482     07BB  2FB7               	goto	u55
   483     07BC  0875               	movf	??_main,w
   484     07BD  00F6               	movwf	??_main+1
   485     07BE  0EF6               	swapf	??_main+1,f
   486     07BF  1283               	bcf	3,5	;RP0=0, select bank0
   487     07C0  1303               	bcf	3,6	;RP1=0, select bank0
   488     07C1  081D               	movf	29,w	;volatile
   489     07C2  0676               	xorwf	??_main+1,w
   490     07C3  39EF               	andlw	-17
   491     07C4  0676               	xorwf	??_main+1,w
   492     07C5  009D               	movwf	29	;volatile
   493                           
   494                           ;Lab 5.c: 70:             ADCON0bits.CHS = 0;
   495     07C6  30C3               	movlw	-61
   496     07C7  059F               	andwf	31,f	;volatile
   497     07C8                     l782:
   498                           
   499                           ;Lab 5.c: 74:         _delay((unsigned long)((20)*(8000000/4000000.0)));
   500     07C8  300D               	movlw	13
   501     07C9  00F5               	movwf	??_main
   502     07CA                     u97:
   503     07CA  0BF5               	decfsz	??_main,f
   504     07CB  2FCA               	goto	u97
   505     07CC                     l784:
   506                           
   507                           ;Lab 5.c: 75:         PIR1bits.ADIF = 0;
   508     07CC  1283               	bcf	3,5	;RP0=0, select bank0
   509     07CD  1303               	bcf	3,6	;RP1=0, select bank0
   510     07CE  130C               	bcf	12,6	;volatile
   511     07CF                     l786:
   512                           
   513                           ;Lab 5.c: 76:         ADCON0bits.GO = 1;
   514     07CF  149F               	bsf	31,1	;volatile
   515     07D0                     l788:
   516                           
   517                           ;Lab 5.c: 79:         pot3 = ADRESH;
   518     07D0  081E               	movf	30,w	;volatile
   519     07D1  00F5               	movwf	??_main
   520     07D2  01F6               	clrf	??_main+1
   521     07D3  0875               	movf	??_main,w
   522     07D4  00F2               	movwf	_pot3
   523     07D5  0876               	movf	??_main+1,w
   524     07D6  00F3               	movwf	_pot3+1
   525     07D7                     l790:
   526                           
   527                           ;Lab 5.c: 81:         if (INTCONbits.T0IF){
   528     07D7  1D0B               	btfss	11,2	;volatile
   529     07D8  2FDA               	goto	u61
   530     07D9  2FDB               	goto	u60
   531     07DA                     u61:
   532     07DA  2FE1               	goto	l794
   533     07DB                     u60:
   534     07DB                     l792:
   535                           
   536                           ;Lab 5.c: 82:         valor ++;
   537     07DB  3001               	movlw	1
   538     07DC  07F0               	addwf	_valor,f
   539     07DD  1803               	skipnc
   540     07DE  0AF1               	incf	_valor+1,f
   541     07DF  3000               	movlw	0
   542     07E0  07F1               	addwf	_valor+1,f
   543     07E1                     l794:
   544                           
   545                           ;Lab 5.c: 85:         if (valor == 0){
   546     07E1  0870               	movf	_valor,w
   547     07E2  0471               	iorwf	_valor+1,w
   548     07E3  1D03               	btfss	3,2
   549     07E4  2FE6               	goto	u71
   550     07E5  2FE7               	goto	u70
   551     07E6                     u71:
   552     07E6  2FE9               	goto	l798
   553     07E7                     u70:
   554     07E7                     l796:
   555                           
   556                           ;Lab 5.c: 86:            PORTCbits.RC3 = 1;
   557     07E7  1587               	bsf	7,3	;volatile
   558                           
   559                           ;Lab 5.c: 87:         }
   560     07E8  2F6A               	goto	l774
   561     07E9                     l798:
   562     07E9  0873               	movf	_pot3+1,w
   563     07EA  0671               	xorwf	_valor+1,w
   564     07EB  1D03               	skipz
   565     07EC  2FEF               	goto	u85
   566     07ED  0872               	movf	_pot3,w
   567     07EE  0670               	xorwf	_valor,w
   568     07EF                     u85:
   569     07EF  1D03               	skipz
   570     07F0  2FF2               	goto	u81
   571     07F1  2FF3               	goto	u80
   572     07F2                     u81:
   573     07F2  2F6A               	goto	l774
   574     07F3                     u80:
   575     07F3                     l800:
   576                           
   577                           ;Lab 5.c: 90:            PORTCbits.RC3 = 0;
   578     07F3  1187               	bcf	7,3	;volatile
   579     07F4  2F6A               	goto	l774
   580     07F5  120A  118A  2800   	ljmp	start
   581     07F8                     __end_of_main:
   582                           
   583                           	psect	text1
   584     06E2                     __ptext1:	
   585 ;; *************** function _timer2 *****************
   586 ;; Defined at:
   587 ;;		line 164 in file "Lab 5.c"
   588 ;; Parameters:    Size  Location     Type
   589 ;;		None
   590 ;; Auto vars:     Size  Location     Type
   591 ;;		None
   592 ;; Return value:  Size  Location     Type
   593 ;;                  1    wreg      void 
   594 ;; Registers used:
   595 ;;		wreg, status,2, status,0
   596 ;; Tracked objects:
   597 ;;		On entry : 0/0
   598 ;;		On exit  : 0/0
   599 ;;		Unchanged: 0/0
   600 ;; Data sizes:     COMMON   BANK0   BANK1   BANK3   BANK2
   601 ;;      Params:         0       0       0       0       0
   602 ;;      Locals:         0       0       0       0       0
   603 ;;      Temps:          0       0       0       0       0
   604 ;;      Totals:         0       0       0       0       0
   605 ;;Total ram usage:        0 bytes
   606 ;; Hardware stack levels used: 1
   607 ;; This function calls:
   608 ;;		Nothing
   609 ;; This function is called by:
   610 ;;		_main
   611 ;; This function uses a non-reentrant model
   612 ;;
   613                           
   614     06E2                     _timer2:	
   615                           ;psect for function _timer2
   616                           
   617     06E2                     l760:	
   618                           ;incstack = 0
   619                           ; Regs used in _timer2: [wreg+status,2+status,0]
   620                           
   621                           
   622                           ;Lab 5.c: 165:     PIR1bits.TMR2IF = 0;
   623     06E2  1283               	bcf	3,5	;RP0=0, select bank0
   624     06E3  1303               	bcf	3,6	;RP1=0, select bank0
   625     06E4  108C               	bcf	12,1	;volatile
   626     06E5                     l762:
   627                           
   628                           ;Lab 5.c: 166:     T2CONbits.T2CKPS = 0b11;
   629     06E5  3003               	movlw	3
   630     06E6  0492               	iorwf	18,f	;volatile
   631     06E7                     l764:
   632                           
   633                           ;Lab 5.c: 167:     T2CONbits.TMR2ON = 1;
   634     06E7  1512               	bsf	18,2	;volatile
   635     06E8                     l98:	
   636                           ;Lab 5.c: 169:     while(PIR1bits.TMR2IF == 0);
   637                           
   638     06E8  1C8C               	btfss	12,1	;volatile
   639     06E9  2EEB               	goto	u11
   640     06EA  2EEC               	goto	u10
   641     06EB                     u11:
   642     06EB  2EE8               	goto	l98
   643     06EC                     u10:
   644     06EC                     l100:
   645                           
   646                           ;Lab 5.c: 170:     PIR1bits.TMR2IF = 0;
   647     06EC  108C               	bcf	12,1	;volatile
   648                           
   649                           ;Lab 5.c: 171:     TRISCbits.TRISC2 = 0;
   650     06ED  1683               	bsf	3,5	;RP0=1, select bank1
   651     06EE  1303               	bcf	3,6	;RP1=0, select bank1
   652     06EF  1107               	bcf	7,2	;volatile
   653                           
   654                           ;Lab 5.c: 172:     TRISCbits.TRISC1 = 0;
   655     06F0  1087               	bcf	7,1	;volatile
   656     06F1                     l101:
   657     06F1  0008               	return
   658     06F2                     __end_of_timer2:
   659                           
   660                           	psect	text2
   661     06D3                     __ptext2:	
   662 ;; *************** function _timer0 *****************
   663 ;; Defined at:
   664 ;;		line 175 in file "Lab 5.c"
   665 ;; Parameters:    Size  Location     Type
   666 ;;		None
   667 ;; Auto vars:     Size  Location     Type
   668 ;;		None
   669 ;; Return value:  Size  Location     Type
   670 ;;                  1    wreg      void 
   671 ;; Registers used:
   672 ;;		wreg, status,2, status,0
   673 ;; Tracked objects:
   674 ;;		On entry : 0/0
   675 ;;		On exit  : 0/0
   676 ;;		Unchanged: 0/0
   677 ;; Data sizes:     COMMON   BANK0   BANK1   BANK3   BANK2
   678 ;;      Params:         0       0       0       0       0
   679 ;;      Locals:         0       0       0       0       0
   680 ;;      Temps:          0       0       0       0       0
   681 ;;      Totals:         0       0       0       0       0
   682 ;;Total ram usage:        0 bytes
   683 ;; Hardware stack levels used: 1
   684 ;; This function calls:
   685 ;;		Nothing
   686 ;; This function is called by:
   687 ;;		_main
   688 ;; This function uses a non-reentrant model
   689 ;;
   690                           
   691     06D3                     _timer0:	
   692                           ;psect for function _timer0
   693                           
   694     06D3                     l766:	
   695                           ;incstack = 0
   696                           ; Regs used in _timer0: [wreg+status,2+status,0]
   697                           
   698                           
   699                           ;Lab 5.c: 176:     INTCONbits.TMR0IE = 1;
   700     06D3  168B               	bsf	11,5	;volatile
   701                           
   702                           ;Lab 5.c: 177:     INTCONbits.TMR0IF = 0;
   703     06D4  110B               	bcf	11,2	;volatile
   704                           
   705                           ;Lab 5.c: 178:     OPTION_REGbits.T0CS = 0;
   706     06D5  1683               	bsf	3,5	;RP0=1, select bank1
   707     06D6  1303               	bcf	3,6	;RP1=0, select bank1
   708     06D7  1281               	bcf	1,5	;volatile
   709                           
   710                           ;Lab 5.c: 179:     OPTION_REGbits.PSA = 0;
   711     06D8  1181               	bcf	1,3	;volatile
   712     06D9                     l768:
   713                           
   714                           ;Lab 5.c: 180:     OPTION_REGbits.PS = 0b011;
   715     06D9  0801               	movf	1,w	;volatile
   716     06DA  39F8               	andlw	-8
   717     06DB  3803               	iorlw	3
   718     06DC  0081               	movwf	1	;volatile
   719     06DD                     l770:
   720                           
   721                           ;Lab 5.c: 181:     TMR0 = 131;
   722     06DD  3083               	movlw	131
   723     06DE  1283               	bcf	3,5	;RP0=0, select bank0
   724     06DF  1303               	bcf	3,6	;RP1=0, select bank0
   725     06E0  0081               	movwf	1	;volatile
   726     06E1                     l104:
   727     06E1  0008               	return
   728     06E2                     __end_of_timer0:
   729                           
   730                           	psect	text3
   731     0703                     __ptext3:	
   732 ;; *************** function _setupPWM *****************
   733 ;; Defined at:
   734 ;;		line 149 in file "Lab 5.c"
   735 ;; Parameters:    Size  Location     Type
   736 ;;		None
   737 ;; Auto vars:     Size  Location     Type
   738 ;;		None
   739 ;; Return value:  Size  Location     Type
   740 ;;                  1    wreg      void 
   741 ;; Registers used:
   742 ;;		wreg, status,2, status,0
   743 ;; Tracked objects:
   744 ;;		On entry : 0/0
   745 ;;		On exit  : 0/0
   746 ;;		Unchanged: 0/0
   747 ;; Data sizes:     COMMON   BANK0   BANK1   BANK3   BANK2
   748 ;;      Params:         0       0       0       0       0
   749 ;;      Locals:         0       0       0       0       0
   750 ;;      Temps:          0       0       0       0       0
   751 ;;      Totals:         0       0       0       0       0
   752 ;;Total ram usage:        0 bytes
   753 ;; Hardware stack levels used: 1
   754 ;; This function calls:
   755 ;;		Nothing
   756 ;; This function is called by:
   757 ;;		_main
   758 ;; This function uses a non-reentrant model
   759 ;;
   760                           
   761     0703                     _setupPWM:	
   762                           ;psect for function _setupPWM
   763                           
   764     0703                     l744:	
   765                           ;incstack = 0
   766                           ; Regs used in _setupPWM: [wreg+status,2+status,0]
   767                           
   768                           
   769                           ;Lab 5.c: 151:     TRISCbits.TRISC2 = 1;
   770     0703  1683               	bsf	3,5	;RP0=1, select bank1
   771     0704  1303               	bcf	3,6	;RP1=0, select bank1
   772     0705  1507               	bsf	7,2	;volatile
   773     0706                     l746:
   774                           
   775                           ;Lab 5.c: 152:     PR2 = 250;
   776     0706  30FA               	movlw	250
   777     0707  0092               	movwf	18	;volatile
   778     0708                     l748:
   779                           
   780                           ;Lab 5.c: 153:     CCP1CONbits.P1M = 0;
   781     0708  303F               	movlw	-193
   782     0709  1283               	bcf	3,5	;RP0=0, select bank0
   783     070A  1303               	bcf	3,6	;RP1=0, select bank0
   784     070B  0597               	andwf	23,f	;volatile
   785     070C                     l750:
   786                           
   787                           ;Lab 5.c: 154:     CCP1CONbits.CCP1M = 0b1100;
   788     070C  0817               	movf	23,w	;volatile
   789     070D  39F0               	andlw	-16
   790     070E  380C               	iorlw	12
   791     070F  0097               	movwf	23	;volatile
   792                           
   793                           ;Lab 5.c: 155:     CCPR1L = 0x0f;
   794     0710  300F               	movlw	15
   795     0711  0095               	movwf	21	;volatile
   796     0712                     l752:
   797                           
   798                           ;Lab 5.c: 156:     CCP1CONbits.DC1B = 0;
   799     0712  30CF               	movlw	-49
   800     0713  0597               	andwf	23,f	;volatile
   801     0714                     l754:
   802                           
   803                           ;Lab 5.c: 157:     TRISCbits.TRISC1 = 1;
   804     0714  1683               	bsf	3,5	;RP0=1, select bank1
   805     0715  1303               	bcf	3,6	;RP1=0, select bank1
   806     0716  1487               	bsf	7,1	;volatile
   807     0717                     l756:
   808                           
   809                           ;Lab 5.c: 158:     CCP2CONbits.CCP2M = 0b1100;
   810     0717  1283               	bcf	3,5	;RP0=0, select bank0
   811     0718  1303               	bcf	3,6	;RP1=0, select bank0
   812     0719  081D               	movf	29,w	;volatile
   813     071A  39F0               	andlw	-16
   814     071B  380C               	iorlw	12
   815     071C  009D               	movwf	29	;volatile
   816                           
   817                           ;Lab 5.c: 159:     CCPR2L = 0x0f;
   818     071D  300F               	movlw	15
   819     071E  009B               	movwf	27	;volatile
   820     071F                     l758:
   821                           
   822                           ;Lab 5.c: 160:     CCP2CONbits.DC2B1 = 0;
   823     071F  129D               	bcf	29,5	;volatile
   824     0720                     l95:
   825     0720  0008               	return
   826     0721                     __end_of_setupPWM:
   827                           
   828                           	psect	text4
   829     06CD                     __ptext4:	
   830 ;; *************** function _setupINTOSC *****************
   831 ;; Defined at:
   832 ;;		line 109 in file "Lab 5.c"
   833 ;; Parameters:    Size  Location     Type
   834 ;;		None
   835 ;; Auto vars:     Size  Location     Type
   836 ;;		None
   837 ;; Return value:  Size  Location     Type
   838 ;;                  1    wreg      void 
   839 ;; Registers used:
   840 ;;		wreg, status,2, status,0
   841 ;; Tracked objects:
   842 ;;		On entry : 0/0
   843 ;;		On exit  : 0/0
   844 ;;		Unchanged: 0/0
   845 ;; Data sizes:     COMMON   BANK0   BANK1   BANK3   BANK2
   846 ;;      Params:         0       0       0       0       0
   847 ;;      Locals:         0       0       0       0       0
   848 ;;      Temps:          0       0       0       0       0
   849 ;;      Totals:         0       0       0       0       0
   850 ;;Total ram usage:        0 bytes
   851 ;; Hardware stack levels used: 1
   852 ;; This function calls:
   853 ;;		Nothing
   854 ;; This function is called by:
   855 ;;		_main
   856 ;; This function uses a non-reentrant model
   857 ;;
   858                           
   859     06CD                     _setupINTOSC:	
   860                           ;psect for function _setupINTOSC
   861                           
   862     06CD                     l706:	
   863                           ;incstack = 0
   864                           ; Regs used in _setupINTOSC: [wreg+status,2+status,0]
   865                           
   866                           
   867                           ;Lab 5.c: 110:     OSCCONbits.IRCF = 0b0111;
   868     06CD  3070               	movlw	112
   869     06CE  1683               	bsf	3,5	;RP0=1, select bank1
   870     06CF  1303               	bcf	3,6	;RP1=0, select bank1
   871     06D0  048F               	iorwf	15,f	;volatile
   872     06D1                     l708:
   873                           
   874                           ;Lab 5.c: 111:     OSCCONbits.SCS = 1;
   875     06D1  140F               	bsf	15,0	;volatile
   876     06D2                     l89:
   877     06D2  0008               	return
   878     06D3                     __end_of_setupINTOSC:
   879                           
   880                           	psect	text5
   881     0721                     __ptext5:	
   882 ;; *************** function _setupADC *****************
   883 ;; Defined at:
   884 ;;		line 116 in file "Lab 5.c"
   885 ;; Parameters:    Size  Location     Type
   886 ;;		None
   887 ;; Auto vars:     Size  Location     Type
   888 ;;		None
   889 ;; Return value:  Size  Location     Type
   890 ;;                  1    wreg      void 
   891 ;; Registers used:
   892 ;;		wreg, status,2
   893 ;; Tracked objects:
   894 ;;		On entry : 0/0
   895 ;;		On exit  : 0/0
   896 ;;		Unchanged: 0/0
   897 ;; Data sizes:     COMMON   BANK0   BANK1   BANK3   BANK2
   898 ;;      Params:         0       0       0       0       0
   899 ;;      Locals:         0       0       0       0       0
   900 ;;      Temps:          1       0       0       0       0
   901 ;;      Totals:         1       0       0       0       0
   902 ;;Total ram usage:        1 bytes
   903 ;; Hardware stack levels used: 1
   904 ;; This function calls:
   905 ;;		Nothing
   906 ;; This function is called by:
   907 ;;		_main
   908 ;; This function uses a non-reentrant model
   909 ;;
   910                           
   911     0721                     _setupADC:	
   912                           ;psect for function _setupADC
   913                           
   914     0721                     l710:	
   915                           ;incstack = 0
   916                           ; Regs used in _setupADC: [wreg+status,2]
   917                           
   918                           
   919                           ;Lab 5.c: 119:     TRISA = TRISA | 0x01;
   920     0721  1683               	bsf	3,5	;RP0=1, select bank1
   921     0722  1303               	bcf	3,6	;RP1=0, select bank1
   922     0723  0805               	movf	5,w	;volatile
   923     0724  3801               	iorlw	1
   924     0725  0085               	movwf	5	;volatile
   925                           
   926                           ;Lab 5.c: 120:     ANSEL = ANSEL | 0x01;
   927     0726  1683               	bsf	3,5	;RP0=1, select bank3
   928     0727  1703               	bsf	3,6	;RP1=1, select bank3
   929     0728  0808               	movf	8,w	;volatile
   930     0729  3801               	iorlw	1
   931     072A  0088               	movwf	8	;volatile
   932     072B                     l712:
   933                           
   934                           ;Lab 5.c: 122:     ADCON0bits.ADCS1 = 0;
   935     072B  1283               	bcf	3,5	;RP0=0, select bank0
   936     072C  1303               	bcf	3,6	;RP1=0, select bank0
   937     072D  139F               	bcf	31,7	;volatile
   938     072E                     l714:
   939                           
   940                           ;Lab 5.c: 123:     ADCON0bits.ADCS0 = 1;
   941     072E  171F               	bsf	31,6	;volatile
   942     072F                     l716:
   943                           
   944                           ;Lab 5.c: 125:     ADCON1bits.VCFG1 = 0;
   945     072F  1683               	bsf	3,5	;RP0=1, select bank1
   946     0730  1303               	bcf	3,6	;RP1=0, select bank1
   947     0731  129F               	bcf	31,5	;volatile
   948     0732                     l718:
   949                           
   950                           ;Lab 5.c: 126:     ADCON1bits.VCFG0 = 0;
   951     0732  121F               	bcf	31,4	;volatile
   952     0733                     l720:
   953                           
   954                           ;Lab 5.c: 128:     ADCON1bits.ADFM = 0;
   955     0733  139F               	bcf	31,7	;volatile
   956     0734                     l722:
   957                           
   958                           ;Lab 5.c: 130:     ADCON0bits.CHS3 = 0;
   959     0734  1283               	bcf	3,5	;RP0=0, select bank0
   960     0735  1303               	bcf	3,6	;RP1=0, select bank0
   961     0736  129F               	bcf	31,5	;volatile
   962     0737                     l724:
   963                           
   964                           ;Lab 5.c: 131:     ADCON0bits.CHS2 = 0;
   965     0737  121F               	bcf	31,4	;volatile
   966     0738                     l726:
   967                           
   968                           ;Lab 5.c: 132:     ADCON0bits.CHS1 = 0;
   969     0738  119F               	bcf	31,3	;volatile
   970     0739                     l728:
   971                           
   972                           ;Lab 5.c: 133:     ADCON0bits.CHS0 = 0;
   973     0739  111F               	bcf	31,2	;volatile
   974     073A                     l730:
   975                           
   976                           ;Lab 5.c: 135:     ADCON0bits.ADON = 1;
   977     073A  141F               	bsf	31,0	;volatile
   978     073B                     l732:
   979                           
   980                           ;Lab 5.c: 136:     _delay((unsigned long)((100)*(8000000/4000000.0)));
   981     073B  3042               	movlw	66
   982     073C  00F4               	movwf	??_setupADC
   983     073D                     u107:
   984     073D  0BF4               	decfsz	??_setupADC,f
   985     073E  2F3D               	goto	u107
   986     073F  0000               	nop
   987     0740                     l734:
   988                           
   989                           ;Lab 5.c: 139:     PIR1bits.ADIF = 0;
   990     0740  1283               	bcf	3,5	;RP0=0, select bank0
   991     0741  1303               	bcf	3,6	;RP1=0, select bank0
   992     0742  130C               	bcf	12,6	;volatile
   993     0743                     l736:
   994                           
   995                           ;Lab 5.c: 140:     PIE1bits.ADIE = 1;
   996     0743  1683               	bsf	3,5	;RP0=1, select bank1
   997     0744  1303               	bcf	3,6	;RP1=0, select bank1
   998     0745  170C               	bsf	12,6	;volatile
   999     0746                     l738:
  1000                           
  1001                           ;Lab 5.c: 141:     INTCONbits.PEIE = 1;
  1002     0746  170B               	bsf	11,6	;volatile
  1003     0747                     l740:
  1004                           
  1005                           ;Lab 5.c: 142:     INTCONbits.GIE = 1;
  1006     0747  178B               	bsf	11,7	;volatile
  1007     0748                     l742:
  1008                           
  1009                           ;Lab 5.c: 143:     ADCON0bits.GO = 1;
  1010     0748  1283               	bcf	3,5	;RP0=0, select bank0
  1011     0749  1303               	bcf	3,6	;RP1=0, select bank0
  1012     074A  149F               	bsf	31,1	;volatile
  1013     074B                     l92:
  1014     074B  0008               	return
  1015     074C                     __end_of_setupADC:
  1016                           
  1017                           	psect	text6
  1018     06F2                     __ptext6:	
  1019 ;; *************** function _setup *****************
  1020 ;; Defined at:
  1021 ;;		line 99 in file "Lab 5.c"
  1022 ;; Parameters:    Size  Location     Type
  1023 ;;		None
  1024 ;; Auto vars:     Size  Location     Type
  1025 ;;		None
  1026 ;; Return value:  Size  Location     Type
  1027 ;;                  1    wreg      void 
  1028 ;; Registers used:
  1029 ;;		wreg, status,2
  1030 ;; Tracked objects:
  1031 ;;		On entry : 0/0
  1032 ;;		On exit  : 0/0
  1033 ;;		Unchanged: 0/0
  1034 ;; Data sizes:     COMMON   BANK0   BANK1   BANK3   BANK2
  1035 ;;      Params:         0       0       0       0       0
  1036 ;;      Locals:         0       0       0       0       0
  1037 ;;      Temps:          0       0       0       0       0
  1038 ;;      Totals:         0       0       0       0       0
  1039 ;;Total ram usage:        0 bytes
  1040 ;; Hardware stack levels used: 1
  1041 ;; This function calls:
  1042 ;;		Nothing
  1043 ;; This function is called by:
  1044 ;;		_main
  1045 ;; This function uses a non-reentrant model
  1046 ;;
  1047                           
  1048     06F2                     _setup:	
  1049                           ;psect for function _setup
  1050                           
  1051     06F2                     l696:	
  1052                           ;incstack = 0
  1053                           ; Regs used in _setup: [wreg+status,2]
  1054                           
  1055                           
  1056                           ;Lab 5.c: 100:     ANSELH = 0;
  1057     06F2  1683               	bsf	3,5	;RP0=1, select bank3
  1058     06F3  1703               	bsf	3,6	;RP1=1, select bank3
  1059     06F4  0189               	clrf	9	;volatile
  1060     06F5                     l698:
  1061                           
  1062                           ;Lab 5.c: 101:     TRISA = 0b00000111;
  1063     06F5  3007               	movlw	7
  1064     06F6  1683               	bsf	3,5	;RP0=1, select bank1
  1065     06F7  1303               	bcf	3,6	;RP1=0, select bank1
  1066     06F8  0085               	movwf	5	;volatile
  1067     06F9                     l700:
  1068                           
  1069                           ;Lab 5.c: 102:     PORTA = 0;
  1070     06F9  1283               	bcf	3,5	;RP0=0, select bank0
  1071     06FA  1303               	bcf	3,6	;RP1=0, select bank0
  1072     06FB  0185               	clrf	5	;volatile
  1073     06FC                     l702:
  1074                           
  1075                           ;Lab 5.c: 103:     TRISC = 0;
  1076     06FC  1683               	bsf	3,5	;RP0=1, select bank1
  1077     06FD  1303               	bcf	3,6	;RP1=0, select bank1
  1078     06FE  0187               	clrf	7	;volatile
  1079     06FF                     l704:
  1080                           
  1081                           ;Lab 5.c: 104:     PORTC = 0;
  1082     06FF  1283               	bcf	3,5	;RP0=0, select bank0
  1083     0700  1303               	bcf	3,6	;RP1=0, select bank0
  1084     0701  0187               	clrf	7	;volatile
  1085     0702                     l86:
  1086     0702  0008               	return
  1087     0703                     __end_of_setup:
  1088     007E                     btemp	set	126	;btemp
  1089     007E                     wtemp0	set	126
  1090                           
  1091                           	psect	idloc
  1092                           
  1093                           ;Config register IDLOC0 @ 0x2000
  1094                           ;	unspecified, using default values
  1095     2000                     	org	8192
  1096     2000  3FFF               	dw	16383
  1097                           
  1098                           ;Config register IDLOC1 @ 0x2001
  1099                           ;	unspecified, using default values
  1100     2001                     	org	8193
  1101     2001  3FFF               	dw	16383
  1102                           
  1103                           ;Config register IDLOC2 @ 0x2002
  1104                           ;	unspecified, using default values
  1105     2002                     	org	8194
  1106     2002  3FFF               	dw	16383
  1107                           
  1108                           ;Config register IDLOC3 @ 0x2003
  1109                           ;	unspecified, using default values
  1110     2003                     	org	8195
  1111     2003  3FFF               	dw	16383
  1112                           
  1113                           	psect	config
  1114                           
  1115                           ;Config register CONFIG1 @ 0x2007
  1116                           ;	Oscillator Selection bits
  1117                           ;	FOSC = INTRC_NOCLKOUT, INTOSCIO oscillator: I/O function on RA6/OSC2/CLKOUT pin, I/O f
      +                          unction on RA7/OSC1/CLKIN
  1118                           ;	Watchdog Timer Enable bit
  1119                           ;	WDTE = OFF, WDT disabled and can be enabled by SWDTEN bit of the WDTCON register
  1120                           ;	Power-up Timer Enable bit
  1121                           ;	PWRTE = ON, PWRT enabled
  1122                           ;	RE3/MCLR pin function select bit
  1123                           ;	MCLRE = OFF, RE3/MCLR pin function is digital input, MCLR internally tied to VDD
  1124                           ;	Code Protection bit
  1125                           ;	CP = OFF, Program memory code protection is disabled
  1126                           ;	Data Code Protection bit
  1127                           ;	CPD = OFF, Data memory code protection is disabled
  1128                           ;	Brown Out Reset Selection bits
  1129                           ;	BOREN = OFF, BOR disabled
  1130                           ;	Internal External Switchover bit
  1131                           ;	IESO = OFF, Internal/External Switchover mode is disabled
  1132                           ;	Fail-Safe Clock Monitor Enabled bit
  1133                           ;	FCMEN = OFF, Fail-Safe Clock Monitor is disabled
  1134                           ;	Low Voltage Programming Enable bit
  1135                           ;	LVP = OFF, RB3 pin has digital I/O, HV on MCLR must be used for programming
  1136                           ;	In-Circuit Debugger Mode bit
  1137                           ;	DEBUG = 0x1, unprogrammed default
  1138     2007                     	org	8199
  1139     2007  20C4               	dw	8388
  1140                           
  1141                           ;Config register CONFIG2 @ 0x2008
  1142                           ;	Brown-out Reset Selection bit
  1143                           ;	BOR4V = BOR40V, Brown-out Reset set to 4.0V
  1144                           ;	Flash Program Memory Self Write Enable bits
  1145                           ;	WRT = OFF, Write protection off
  1146     2008                     	org	8200
  1147     2008  3FFF               	dw	16383

Data Sizes:
    Strings     0
    Constant    0
    Data        0
    BSS         4
    Persistent  0
    Stack       0

Auto Spaces:
    Space          Size  Autos    Used
    COMMON           14      3       7
    BANK0            80      0       0
    BANK1            80      0       0
    BANK3            96      0       0
    BANK2            96      0       0

Pointer List with Targets:

    None.

Critical Paths under _main in COMMON

    _main->_setupADC

Critical Paths under _main in BANK0

    None.

Critical Paths under _main in BANK1

    None.

Critical Paths under _main in BANK3

    None.

Critical Paths under _main in BANK2

    None.

Call Graph Tables:

 ---------------------------------------------------------------------------------
 (Depth) Function   	        Calls       Base Space   Used Autos Params    Refs
 ---------------------------------------------------------------------------------
 (0) _main                                                 2     2      0       0
                                              1 COMMON     2     2      0
                              _setup
                           _setupADC
                        _setupINTOSC
                           _setupPWM
                             _timer0
                             _timer2
 ---------------------------------------------------------------------------------
 (1) _timer2                                               0     0      0       0
 ---------------------------------------------------------------------------------
 (1) _timer0                                               0     0      0       0
 ---------------------------------------------------------------------------------
 (1) _setupPWM                                             0     0      0       0
 ---------------------------------------------------------------------------------
 (1) _setupINTOSC                                          0     0      0       0
 ---------------------------------------------------------------------------------
 (1) _setupADC                                             1     1      0       0
                                              0 COMMON     1     1      0
 ---------------------------------------------------------------------------------
 (1) _setup                                                0     0      0       0
 ---------------------------------------------------------------------------------
 Estimated maximum stack depth 1
 ---------------------------------------------------------------------------------

 Call Graph Graphs:

 _main (ROOT)
   _setup
   _setupADC
   _setupINTOSC
   _setupPWM
   _timer0
   _timer2

 Address spaces:
Name               Size   Autos  Total    Cost      Usage
BITCOMMON            E      0       0       0        0.0%
EEDATA             100      0       0       0        0.0%
NULL                 0      0       0       0        0.0%
CODE                 0      0       0       0        0.0%
COMMON               E      3       7       1       50.0%
BITSFR0              0      0       0       1        0.0%
SFR0                 0      0       0       1        0.0%
BITSFR1              0      0       0       2        0.0%
SFR1                 0      0       0       2        0.0%
STACK                0      0       0       2        0.0%
ABS                  0      0       7       3        0.0%
BITBANK0            50      0       0       4        0.0%
BITSFR3              0      0       0       4        0.0%
SFR3                 0      0       0       4        0.0%
BANK0               50      0       0       5        0.0%
BITSFR2              0      0       0       5        0.0%
SFR2                 0      0       0       5        0.0%
BITBANK1            50      0       0       6        0.0%
BANK1               50      0       0       7        0.0%
BITBANK3            60      0       0       8        0.0%
BANK3               60      0       0       9        0.0%
BITBANK2            60      0       0      10        0.0%
BANK2               60      0       0      11        0.0%
DATA                 0      0       7      12        0.0%


Microchip Technology PIC Macro Assembler V2.40 build 20220703182018 
Symbol Table                                                                                   Tue Oct 25 08:00:43 2022

                     l92 074B                       l86 0702                       l95 0720  
                     l89 06D2                       l98 06E8                       u10 06EC  
                     u11 06EB                       u20 0770                       u21 076F  
                     u30 0779                       u31 0778                       u60 07DB  
                     u61 07DA                       u45 078E                       u70 07E7  
                     u71 07E6                       u55 07B7                       u80 07F3  
                     u81 07F2                       u85 07EF                       u97 07CA  
                    l100 06EC                      l101 06F1                      l104 06E1  
                    l700 06F9                      l702 06FC                      l710 0721  
                    l704 06FF                      l720 0733                      l712 072B  
                    l800 07F3                      l730 073A                      l722 0734  
                    l714 072E                      l706 06CD                      l740 0747  
                    l732 073B                      l724 0737                      l716 072F  
                    l708 06D1                      l742 0748                      l734 0740  
                    l726 0738                      l718 0732                      l750 070C  
                    l736 0743                      l728 0739                      l752 0712  
                    l744 0703                      l760 06E2                      l738 0746  
                    l754 0714                      l746 0706                      l770 06DD  
                    l762 06E5                      l756 0717                      l748 0708  
                    l764 06E7                      l780 07A2                      l772 074C  
                    l758 071F                      l766 06D3                      l790 07D7  
                    l782 07C8                      l774 076A                      l696 06F2  
                    l768 06D9                      l792 07DB                      l784 07CC  
                    l776 0770                      l698 06F5                      l794 07E1  
                    l786 07CF                      l778 0779                      l796 07E7  
                    l788 07D0                      l798 07E9                      u107 073D  
                    _PR2 0092                     _ADIF 0066                     _TMR0 0001  
                   _main 074C                     _pot3 0072                     btemp 007E  
                   start 0000                    ?_main 0074                    _ANSEL 0188  
                  _PORTA 0005                    _PORTC 0007                    _TRISA 0085  
                  _TRISC 0087                    _valor 0070                    _setup 06F2  
                  status 0003                    wtemp0 007E          __initialization 07F8  
           __end_of_main 07F8                   ??_main 0075                   _ADRESH 001E  
                 _ADRESL 009E                   _CCPR1L 0015                   _CCPR2L 001B  
                 ?_setup 0074                   _ANSELH 0189                   _timer0 06D3  
                 _timer2 06E2             ?_setupINTOSC 0074         __end_of_setupADC 074C  
       __end_of_setupPWM 0721  __end_of__initialization 07FC           __pcstackCOMMON 0074  
          __end_of_setup 0703           _OPTION_REGbits 0081                  ??_setup 0074  
             __pmaintext 074C                  ?_timer0 0074                  ?_timer2 0074  
              ?_setupADC 0074                ?_setupPWM 0074                  __ptext1 06E2  
                __ptext2 06D3                  __ptext3 0703                  __ptext4 06CD  
                __ptext5 0721                  __ptext6 06F2                _T2CONbits 0012  
   end_of_initialization 07FC               ??_setupADC 0074               ??_setupPWM 0074  
              _PORTCbits 0007                _TRISCbits 0087              _CCP1CONbits 0017  
            _CCP2CONbits 001D           __end_of_timer0 06E2           __end_of_timer2 06F2  
    start_initialization 07F8                 ??_timer0 0074                 ??_timer2 0074  
            __pbssCOMMON 0070                ___latbits 0002                 _PIE1bits 008C  
               _PIR1bits 000C               _ADCON0bits 001F               _ADCON1bits 009F  
          ??_setupINTOSC 0074      __end_of_setupINTOSC 06D3                 _setupADC 0721  
               _setupPWM 0703               _INTCONbits 000B               _OSCCONbits 008F  
            _setupINTOSC 06CD  
